<?xml version="1.0" encoding="UTF-8"?>
<testsuite xmlns:xsi="http://www.w3.org/2001/XMLSchema-instance" xsi:noNamespaceSchemaLocation="https://maven.apache.org/surefire/maven-surefire-plugin/xsd/surefire-test-report.xsd" version="3.0.2" name="socket.SocketApplicationTests" time="0.739" tests="1" errors="0" skipped="0" failures="0">
  <properties>
[...]
</properties>
  <testcase name="contextLoads" classname="socket.SocketApplicationTests" time="0.351">
    <system-out><![CDATA[19:30:14.150 [main] INFO org.springframework.test.context.support.AnnotationConfigContextLoaderUtils -- Could not detect default configuration classes for test class [socket.SocketApplicationTests]: SocketApplicationTests does not declare any static, non-private, non-final, nested classes annotated with @Configuration.
19:30:14.190 [main] INFO org.springframework.boot.test.context.SpringBootTestContextBootstrapper -- Found @SpringBootConfiguration socket.SocketApplication for test class socket.SocketApplicationTests

  .   ____          _            __ _ _
 /\\ / ___'_ __ _ _(_)_ __  __ _ \ \ \ \
( ( )\___ | '_ | '_| | '_ \/ _` | \ \ \ \
 \\/  ___)| |_)| | | | | || (_| |  ) ) ) )
  '  |____| .__|_| |_|_| |_\__, | / / / /
 =========|_|==============|___/=/_/_/_/

 :: Spring Boot ::                (v3.4.3)

2025-03-04T19:30:14.321-03:00  INFO 3487 --- [socket] [           main] socket.SocketApplicationTests            : Starting SocketApplicationTests using Java 23.0.2 with PID 3487 (started by felipebabel in /Users/felipebabel/Documents/GitHub/socket)
2025-03-04T19:30:14.321-03:00  INFO 3487 --- [socket] [           main] socket.SocketApplicationTests            : No active profile set, falling back to 1 default profile: "default"
2025-03-04T19:30:14.469-03:00  INFO 3487 --- [socket] [           main] socket.SocketApplicationTests            : Started SocketApplicationTests in 0.235 seconds (process running for 0.565)
]]></system-out>
    <system-err><![CDATA[Mockito is currently self-attaching to enable the inline-mock-maker. This will no longer work in future releases of the JDK. Please add Mockito as an agent to your build what is described in Mockito's documentation: https://javadoc.io/doc/org.mockito/mockito-core/latest/org/mockito/Mockito.html#0.3
WARNING: A Java agent has been loaded dynamically (/Users/felipebabel/.m2/repository/net/bytebuddy/byte-buddy-agent/1.15.11/byte-buddy-agent-1.15.11.jar)
WARNING: If a serviceability tool is in use, please run with -XX:+EnableDynamicAgentLoading to hide this warning
WARNING: If a serviceability tool is not in use, please run with -Djdk.instrument.traceUsage for more information
WARNING: Dynamic loading of agents will be disallowed by default in a future release
]]></system-err>
  </testcase>
</testsuite>